<?xml version="1.0" encoding="UTF-8"?>
<testsuite name="HandlerIntegrationTest" tests="3" skipped="0" failures="0" errors="0" timestamp="2019-12-05T00:18:40" hostname="C02Y309QJG5J" time="0.016">
  <properties/>
  <testcase name="usesCommaSeparationForMoreThanTwoUsers" classname="HandlerIntegrationTest" time="0.015"/>
  <testcase name="greetTwoUsers" classname="HandlerIntegrationTest" time="0.001"/>
  <testcase name="addUserToMyWorld" classname="HandlerIntegrationTest" time="0.0"/>
  <system-out><![CDATA[]]></system-out>
  <system-err><![CDATA[]]></system-err>
</testsuite>
