<?xml version="1.0" encoding="UTF-8"?>
<testsuite name="ServerTest" tests="1" skipped="0" failures="0" errors="0" timestamp="2019-11-21T02:23:26" hostname="C02Y309QJG5J" time="0.027">
  <properties/>
  <testcase name="testServerAddress" classname="ServerTest" time="0.027"/>
  <system-out><![CDATA[]]></system-out>
  <system-err><![CDATA[]]></system-err>
</testsuite>
