<?xml version="1.0" encoding="UTF-8"?>
<testsuite name="UserHandlerTest" tests="1" skipped="0" failures="0" errors="0" timestamp="2019-11-25T03:47:36" hostname="C02Y309QJG5J" time="0.001">
  <properties/>
  <testcase name="addTwoUsers" classname="UserHandlerTest" time="0.001"/>
  <system-out><![CDATA[]]></system-out>
  <system-err><![CDATA[]]></system-err>
</testsuite>
