<?xml version="1.0" encoding="UTF-8"?>
<testsuite name="HandlerIntegrationTest" tests="1" skipped="0" failures="0" errors="0" timestamp="2019-11-25T03:05:22" hostname="C02Y309QJG5J" time="0.0">
  <properties/>
  <testcase name="greetTwoUsers" classname="HandlerIntegrationTest" time="0.0"/>
  <system-out><![CDATA[]]></system-out>
  <system-err><![CDATA[]]></system-err>
</testsuite>
