<?xml version="1.0" encoding="UTF-8"?>
<testsuite name="GreetingHandlerTest" tests="4" skipped="0" failures="0" errors="0" timestamp="2019-11-25T01:15:20" hostname="C02Y309QJG5J" time="0.018">
  <properties/>
  <testcase name="testUser" classname="GreetingHandlerTest" time="0.017"/>
  <testcase name="errorMessageResponse" classname="GreetingHandlerTest" time="0.0"/>
  <testcase name="desiredResponse" classname="GreetingHandlerTest" time="0.001"/>
  <testcase name="testReturnCode" classname="GreetingHandlerTest" time="0.0"/>
  <system-out><![CDATA[]]></system-out>
  <system-err><![CDATA[]]></system-err>
</testsuite>
